#
# A fatal error has been detected by the Java Runtime Environment:
#
#  SIGSEGV (0xb) at pc=0x00007f70f61618a0, pid=19280, tid=0x00007f70dc5e6700
#
# JRE version: Java(TM) SE Runtime Environment (8.0_101-b13) (build 1.8.0_101-b13)
# Java VM: Java HotSpot(TM) 64-Bit Server VM (25.101-b13 mixed mode linux-amd64 compressed oops)
# Problematic frame:
# V  [libjvm.so+0x47d8a0]  CodeBuffer::finalize_oop_references(methodHandle)+0x280
#
# Failed to write core dump. Core dumps have been disabled. To enable core dumping, try "ulimit -c unlimited" before starting Java again
#
# If you would like to submit a bug report, please visit:
#   http://bugreport.java.com/bugreport/crash.jsp
#

---------------  T H R E A D  ---------------

Current thread (0x00007f70f00bc800):  JavaThread "C2 CompilerThread1" daemon [_thread_in_vm, id=19314, stack(0x00007f70dc4e6000,0x00007f70dc5e7000)]

siginfo: si_signo: 11 (SIGSEGV), si_code: 1 (SEGV_MAPERR), si_addr: 0x00000000000070d9

Registers:
RAX=0x00000000000070c1, RBX=0x00007f70b41e42c0, RCX=0x00007f70f001c4c0, RDX=0x000000000000001d
RSP=0x00007f70dc5e3e40, RBP=0x00007f70dc5e3f50, RSI=0x000000000000001e, RDI=0x00007f70b41e42c0
R8 =0x0000000000000001, R9 =0x0000000000000000, R10=0x0000000000000733, R11=0x0000000000000001
R12=0x000000000000001e, R13=0x00007f70dc5e5748, R14=0x0000000000000003, R15=0x00007f70dc5e3e60
RIP=0x00007f70f61618a0, EFLAGS=0x0000000000010213, CSGSFS=0x0000000000000033, ERR=0x0000000000000004
  TRAPNO=0x000000000000000e

Top of Stack: (sp=0x00007f70dc5e3e40)
0x00007f70dc5e3e40:   00007f70b423ea30 00007f70dc5e3f00
0x00007f70dc5e3e50:   00007f70dc5e4030 00007f70dc5e5650
0x00007f70dc5e3e60:   0000000000000000 00007f70b43a6cfe
0x00007f70dc5e3e70:   00007f70b43a6cfe 0000000000000000
0x00007f70dc5e3e80:   00007f70e1833c4e 00007f70b00a000a
0x00007f70dc5e3e90:   00007f70b43a6cf2 00007f70b001ffff
0x00007f70dc5e3ea0:   00007f70e1833d40 00007f70e1831820
0x00007f70dc5e3eb0:   00007f70e1833b40 00007f70e1833d40
0x00007f70dc5e3ec0:   00007f70e18334e0 00007f70e1833c53
0x00007f70dc5e3ed0:   00007f70f6c495b0 00007f70dc5e3e60
0x00007f70dc5e3ee0:   0000000000000000 00007f70dc5e5a50
0x00007f70dc5e3ef0:   00007f70dc5e3f70 00007f70f61f731b
0x00007f70dc5e3f00:   0000000200000001 0000000000000000
0x00007f70dc5e3f10:   000000010000000f 00007f70b437fb40
0x00007f70dc5e3f20:   000000000000000e 00007f70f001c930
0x00007f70dc5e3f30:   0000000000000000 00007f70de919e98
0x00007f70dc5e3f40:   00007f70f00bc800 00007f70dc5e5a50
0x00007f70dc5e3f50:   00007f70dc5e4070 00007f70f65ce7d0
0x00007f70dc5e3f60:   00007f70de83bd10 00007f70dc5e5a50
0x00007f70dc5e3f70:   00007f70dc5e4000 00007f70f61f7ba6
0x00007f70dc5e3f80:   00007f70dc5e3fc0 00007f70f65fccff
0x00007f70dc5e3f90:   00007f70de83bd10 00007f70f001c4e8
0x00007f70dc5e3fa0:   00007f70dc5e3fc0 00007f70f65fcb92
0x00007f70dc5e3fb0:   00007f70f001c510 0000007800000001
0x00007f70dc5e3fc0:   00007f70dc5e55dc 00000733ffffffff
0x00007f70dc5e3fd0:   00007f70dc5e4150 00007f70dc5e4010
0x00007f70dc5e3fe0:   00007f70dc5e5a50 00000000000003fe
0x00007f70dc5e3ff0:   0000000000000000 00007f70dc5e5a50
0x00007f70dc5e4000:   00007f70dc5e4070 00007f70f60f5e90
0x00007f70dc5e4010:   0000000000000000 00007f70bc07ef50
0x00007f70dc5e4020:   00007f70b437faa0 06007f7000000023
0x00007f70dc5e4030:   00007f70de919e98 00007f70f00bc800 

Instructions: (pc=0x00007f70f61618a0)
0x00007f70f6161880:   e6 e8 3a a5 49 00 48 85 c0 48 89 c3 74 c1 e8 fd
0x00007f70f6161890:   d8 60 00 48 39 c3 66 90 74 b5 48 8b 03 48 89 df
0x00007f70f61618a0:   ff 50 18 84 c0 0f 1f 00 74 04 48 8b 5b 08 48 8b
0x00007f70f61618b0:   03 48 89 df ff 50 10 84 c0 74 0c 48 8b 43 08 48 

Register to memory mapping:

RAX=0x00000000000070c1 is an unknown value
RBX=0x00007f70b41e42c0 is an unknown value
RCX=0x00007f70f001c4c0 is an unknown value
RDX=0x000000000000001d is an unknown value
RSP=0x00007f70dc5e3e40 is pointing into the stack for thread: 0x00007f70f00bc800
RBP=0x00007f70dc5e3f50 is pointing into the stack for thread: 0x00007f70f00bc800
RSI=0x000000000000001e is an unknown value
RDI=0x00007f70b41e42c0 is an unknown value
R8 =0x0000000000000001 is an unknown value
R9 =0x0000000000000000 is an unknown value
R10=0x0000000000000733 is an unknown value
R11=0x0000000000000001 is an unknown value
R12=0x000000000000001e is an unknown value
R13=0x00007f70dc5e5748 is pointing into the stack for thread: 0x00007f70f00bc800
R14=0x0000000000000003 is an unknown value
R15=0x00007f70dc5e3e60 is pointing into the stack for thread: 0x00007f70f00bc800


Stack: [0x00007f70dc4e6000,0x00007f70dc5e7000],  sp=0x00007f70dc5e3e40,  free space=1015k
Native frames: (J=compiled Java code, j=interpreted, Vv=VM code, C=native code)
V  [libjvm.so+0x47d8a0]  CodeBuffer::finalize_oop_references(methodHandle)+0x280
V  [libjvm.so+0x8ea7d0]  nmethod::new_nmethod(methodHandle, int, int, CodeOffsets*, int, DebugInformationRecorder*, Dependencies*, CodeBuffer*, int, OopMapSet*, ExceptionHandlerTable*, ImplicitExceptionTable*, AbstractCompiler*, int)+0x90
V  [libjvm.so+0x41589b]  ciEnv::register_method(ciMethod*, int, CodeOffsets*, int, CodeBuffer*, int, OopMapSet*, ExceptionHandlerTable*, ImplicitExceptionTable*, AbstractCompiler*, int, bool, bool, RTMState)+0x42b
V  [libjvm.so+0x4a6a2f]  Compile::Compile(ciEnv*, C2Compiler*, ciMethod*, int, bool, bool, bool)+0x15af
V  [libjvm.so+0x3f20a8]  C2Compiler::compile_method(ciEnv*, ciMethod*, int)+0x198
V  [libjvm.so+0x4af61a]  CompileBroker::invoke_compiler_on_method(CompileTask*)+0xc9a
V  [libjvm.so+0x4b05c6]  CompileBroker::compiler_thread_loop()+0x5d6
V  [libjvm.so+0xa7343f]  JavaThread::thread_main_inner()+0xdf
V  [libjvm.so+0xa7356c]  JavaThread::run()+0x11c
V  [libjvm.so+0x924698]  java_start(Thread*)+0x108
C  [libpthread.so.0+0x8184]  start_thread+0xc4


Current CompileTask:
C2:  22222 1843       4       com.android.dx.ssa.SsaRenamer$BlockRenamer::visitNonMoveInsn (14 bytes)


---------------  P R O C E S S  ---------------

Java Threads: ( => current thread )
  0x00007f70f0154800 JavaThread "pool-1-thread-1" [_thread_blocked, id=19451, stack(0x00007f70a7eff000,0x00007f70a8000000)]
  0x00007f70f00c1000 JavaThread "Service Thread" daemon [_thread_blocked, id=19317, stack(0x00007f70dc2e4000,0x00007f70dc3e5000)]
  0x00007f70f00be000 JavaThread "C1 CompilerThread2" daemon [_thread_blocked, id=19316, stack(0x00007f70dc3e5000,0x00007f70dc4e6000)]
=>0x00007f70f00bc800 JavaThread "C2 CompilerThread1" daemon [_thread_in_vm, id=19314, stack(0x00007f70dc4e6000,0x00007f70dc5e7000)]
  0x00007f70f00b9800 JavaThread "C2 CompilerThread0" daemon [_thread_in_native, id=19313, stack(0x00007f70dc5e7000,0x00007f70dc6e8000)]
  0x00007f70f00b8000 JavaThread "Signal Dispatcher" daemon [_thread_blocked, id=19311, stack(0x00007f70dc6e8000,0x00007f70dc7e9000)]
  0x00007f70f0084800 JavaThread "Finalizer" daemon [_thread_blocked, id=19307, stack(0x00007f70dcf0c000,0x00007f70dd00d000)]
  0x00007f70f007f800 JavaThread "Reference Handler" daemon [_thread_blocked, id=19304, stack(0x00007f70dd00d000,0x00007f70dd10e000)]
  0x00007f70f000a000 JavaThread "main" [_thread_blocked, id=19285, stack(0x00007f70f77cf000,0x00007f70f78d0000)]

Other Threads:
  0x00007f70f0078000 VMThread [stack: 0x00007f70dd10e000,0x00007f70dd20f000] [id=19301]
  0x00007f70f00c4000 WatcherThread [stack: 0x00007f70dc1e3000,0x00007f70dc2e4000] [id=19318]

VM state:not at safepoint (normal execution)

VM Mutex/Monitor currently owned by a thread:  ([mutex/lock_event])
[0x00007f70f0007010] Compile_lock - owner thread: 0x00007f70f00bc800
[0x00007f70f0007110] MethodCompileQueue_lock - owner thread: 0x00007f70f00bc800

Heap:
 PSYoungGen      total 276992K, used 131555K [0x00000000eab00000, 0x00000000fde00000, 0x0000000100000000)
  eden space 250368K, 43% used [0x00000000eab00000,0x00000000f1487f70,0x00000000f9f80000)
  from space 26624K, 88% used [0x00000000fbd00000,0x00000000fd3f0fe0,0x00000000fd700000)
  to   space 30208K, 0% used [0x00000000f9f80000,0x00000000f9f80000,0x00000000fbd00000)
 ParOldGen       total 84992K, used 40716K [0x00000000c0000000, 0x00000000c5300000, 0x00000000eab00000)
  object space 84992K, 47% used [0x00000000c0000000,0x00000000c27c3010,0x00000000c5300000)
 Metaspace       used 6725K, capacity 7480K, committed 7680K, reserved 1056768K
  class space    used 632K, capacity 688K, committed 768K, reserved 1048576K

Card table byte_map: [0x00007f70f4384000,0x00007f70f4585000] byte_map_base: 0x00007f70f3d84000

Marking Bits: (ParMarkBitMap*) 0x00007f70f6ca5120
 Begin Bits: [0x00007f70dedfe000, 0x00007f70dfdfe000)
 End Bits:   [0x00007f70dfdfe000, 0x00007f70e0dfe000)

Polling page: 0x00007f70f78ee000

CodeCache: size=245760Kb used=8383Kb max_used=8383Kb free=237377Kb
 bounds [0x00007f70e1000000, 0x00007f70e1840000, 0x00007f70f0000000]
 total_blobs=2584 nmethods=2313 adapters=182
 compilation: enabled

Compilation events (10 events):
Event: 22.107 Thread 0x00007f70f00be000 nmethod 2995 0x00007f70e182c6d0 code [0x00007f70e182c8a0, 0x00007f70e182d0f8]
Event: 22.107 Thread 0x00007f70f00be000 2996       3       com.android.dx.dex.code.OutputFinisher::makeOpcodesArray (45 bytes)
Event: 22.112 Thread 0x00007f70f00be000 nmethod 2996 0x00007f70e182d450 code [0x00007f70e182d620, 0x00007f70e182de38]
Event: 22.112 Thread 0x00007f70f00be000 2998       3       com.android.dx.dex.code.LocalList::make (102 bytes)
Event: 22.114 Thread 0x00007f70f00be000 nmethod 2998 0x00007f70e182e2d0 code [0x00007f70e182e520, 0x00007f70e182f4e8]
Event: 22.114 Thread 0x00007f70f00be000 2997       2       com.android.dx.dex.code.form.Form21c::isCompatible (150 bytes)
Event: 22.122 Thread 0x00007f70f00be000 nmethod 2997 0x00007f70e18062d0 code [0x00007f70e1806480, 0x00007f70e1806978]
Event: 22.122 Thread 0x00007f70f00be000 2971       2       com.android.dx.dex.file.FieldIdsSection::get (49 bytes)
Event: 22.141 Thread 0x00007f70f00be000 nmethod 2971 0x00007f70e1830f90 code [0x00007f70e1831140, 0x00007f70e1831538]
Event: 22.141 Thread 0x00007f70f00be000 2990       2       com.android.dx.dex.code.BlockAddresses::getEnd (10 bytes)

GC Heap History (10 events):
Event: 5.503 GC heap before
{Heap before GC invocations=2 (full 0):
 PSYoungGen      total 36864K, used 36679K [0x00000000eab00000, 0x00000000ef300000, 0x0000000100000000)
  eden space 31744K, 100% used [0x00000000eab00000,0x00000000eca00000,0x00000000eca00000)
  from space 5120K, 96% used [0x00000000eca00000,0x00000000eced1d20,0x00000000ecf00000)
  to   space 5120K, 0% used [0x00000000eee00000,0x00000000eee00000,0x00000000ef300000)
 ParOldGen       total 84992K, used 8K [0x00000000c0000000, 0x00000000c5300000, 0x00000000eab00000)
  object space 84992K, 0% used [0x00000000c0000000,0x00000000c0002000,0x00000000c5300000)
 Metaspace       used 5854K, capacity 6832K, committed 7040K, reserved 1056768K
  class space    used 592K, capacity 616K, committed 640K, reserved 1048576K
Event: 5.573 GC heap after
Heap after GC invocations=2 (full 0):
 PSYoungGen      total 68608K, used 5103K [0x00000000eab00000, 0x00000000ef300000, 0x0000000100000000)
  eden space 63488K, 0% used [0x00000000eab00000,0x00000000eab00000,0x00000000ee900000)
  from space 5120K, 99% used [0x00000000eee00000,0x00000000ef2fbe68,0x00000000ef300000)
  to   space 5120K, 0% used [0x00000000ee900000,0x00000000ee900000,0x00000000eee00000)
 ParOldGen       total 84992K, used 3021K [0x00000000c0000000, 0x00000000c5300000, 0x00000000eab00000)
  object space 84992K, 3% used [0x00000000c0000000,0x00000000c02f3620,0x00000000c5300000)
 Metaspace       used 5854K, capacity 6832K, committed 7040K, reserved 1056768K
  class space    used 592K, capacity 616K, committed 640K, reserved 1048576K
}
Event: 7.567 GC heap before
{Heap before GC invocations=3 (full 0):
 PSYoungGen      total 68608K, used 68591K [0x00000000eab00000, 0x00000000ef300000, 0x0000000100000000)
  eden space 63488K, 100% used [0x00000000eab00000,0x00000000ee900000,0x00000000ee900000)
  from space 5120K, 99% used [0x00000000eee00000,0x00000000ef2fbe68,0x00000000ef300000)
  to   space 5120K, 0% used [0x00000000ee900000,0x00000000ee900000,0x00000000eee00000)
 ParOldGen       total 84992K, used 3021K [0x00000000c0000000, 0x00000000c5300000, 0x00000000eab00000)
  object space 84992K, 3% used [0x00000000c0000000,0x00000000c02f3620,0x00000000c5300000)
 Metaspace       used 5922K, capacity 6896K, committed 7040K, reserved 1056768K
  class space    used 593K, capacity 616K, committed 640K, reserved 1048576K
Event: 7.827 GC heap after
Heap after GC invocations=3 (full 0):
 PSYoungGen      total 68608K, used 5103K [0x00000000eab00000, 0x00000000f3100000, 0x0000000100000000)
  eden space 63488K, 0% used [0x00000000eab00000,0x00000000eab00000,0x00000000ee900000)
  from space 5120K, 99% used [0x00000000ee900000,0x00000000eedfbe00,0x00000000eee00000)
  to   space 5120K, 0% used [0x00000000f2c00000,0x00000000f2c00000,0x00000000f3100000)
 ParOldGen       total 84992K, used 11899K [0x00000000c0000000, 0x00000000c5300000, 0x00000000eab00000)
  object space 84992K, 14% used [0x00000000c0000000,0x00000000c0b9ec38,0x00000000c5300000)
 Metaspace       used 5922K, capacity 6896K, committed 7040K, reserved 1056768K
  class space    used 593K, capacity 616K, committed 640K, reserved 1048576K
}
Event: 10.050 GC heap before
{Heap before GC invocations=4 (full 0):
 PSYoungGen      total 68608K, used 68591K [0x00000000eab00000, 0x00000000f3100000, 0x0000000100000000)
  eden space 63488K, 100% used [0x00000000eab00000,0x00000000ee900000,0x00000000ee900000)
  from space 5120K, 99% used [0x00000000ee900000,0x00000000eedfbe00,0x00000000eee00000)
  to   space 5120K, 0% used [0x00000000f2c00000,0x00000000f2c00000,0x00000000f3100000)
 ParOldGen       total 84992K, used 11899K [0x00000000c0000000, 0x00000000c5300000, 0x00000000eab00000)
  object space 84992K, 14% used [0x00000000c0000000,0x00000000c0b9ec38,0x00000000c5300000)
 Metaspace       used 5978K, capacity 6960K, committed 7040K, reserved 1056768K
  class space    used 593K, capacity 616K, committed 640K, reserved 1048576K
Event: 10.362 GC heap after
Heap after GC invocations=4 (full 0):
 PSYoungGen      total 132096K, used 5089K [0x00000000eab00000, 0x00000000f3100000, 0x0000000100000000)
  eden space 126976K, 0% used [0x00000000eab00000,0x00000000eab00000,0x00000000f2700000)
  from space 5120K, 99% used [0x00000000f2c00000,0x00000000f30f85b0,0x00000000f3100000)
  to   space 5120K, 0% used [0x00000000f2700000,0x00000000f2700000,0x00000000f2c00000)
 ParOldGen       total 84992K, used 21175K [0x00000000c0000000, 0x00000000c5300000, 0x00000000eab00000)
  object space 84992K, 24% used [0x00000000c0000000,0x00000000c14add90,0x00000000c5300000)
 Metaspace       used 5978K, capacity 6960K, committed 7040K, reserved 1056768K
  class space    used 593K, capacity 616K, committed 640K, reserved 1048576K
}
Event: 15.128 GC heap before
{Heap before GC invocations=5 (full 0):
 PSYoungGen      total 132096K, used 132065K [0x00000000eab00000, 0x00000000f3100000, 0x0000000100000000)
  eden space 126976K, 100% used [0x00000000eab00000,0x00000000f2700000,0x00000000f2700000)
  from space 5120K, 99% used [0x00000000f2c00000,0x00000000f30f85b0,0x00000000f3100000)
  to   space 5120K, 0% used [0x00000000f2700000,0x00000000f2700000,0x00000000f2c00000)
 ParOldGen       total 84992K, used 21175K [0x00000000c0000000, 0x00000000c5300000, 0x00000000eab00000)
  object space 84992K, 24% used [0x00000000c0000000,0x00000000c14add90,0x00000000c5300000)
 Metaspace       used 6243K, capacity 7128K, committed 7424K, reserved 1056768K
  class space    used 613K, capacity 656K, committed 768K, reserved 1048576K
Event: 15.574 GC heap after
Heap after GC invocations=5 (full 0):
 PSYoungGen      total 132096K, used 5094K [0x00000000eab00000, 0x00000000fd700000, 0x0000000100000000)
  eden space 126976K, 0% used [0x00000000eab00000,0x00000000eab00000,0x00000000f2700000)
  from space 5120K, 99% used [0x00000000f2700000,0x00000000f2bf9b80,0x00000000f2c00000)
  to   space 26624K, 0% used [0x00000000fbd00000,0x00000000fbd00000,0x00000000fd700000)
 ParOldGen       total 84992K, used 40708K [0x00000000c0000000, 0x00000000c5300000, 0x00000000eab00000)
  object space 84992K, 47% used [0x00000000c0000000,0x00000000c27c1010,0x00000000c5300000)
 Metaspace       used 6243K, capacity 7128K, committed 7424K, reserved 1056768K
  class space    used 613K, capacity 656K, committed 768K, reserved 1048576K
}
Event: 17.679 GC heap before
{Heap before GC invocations=6 (full 0):
 PSYoungGen      total 132096K, used 132070K [0x00000000eab00000, 0x00000000fd700000, 0x0000000100000000)
  eden space 126976K, 100% used [0x00000000eab00000,0x00000000f2700000,0x00000000f2700000)
  from space 5120K, 99% used [0x00000000f2700000,0x00000000f2bf9b80,0x00000000f2c00000)
  to   space 26624K, 0% used [0x00000000fbd00000,0x00000000fbd00000,0x00000000fd700000)
 ParOldGen       total 84992K, used 40708K [0x00000000c0000000, 0x00000000c5300000, 0x00000000eab00000)
  object space 84992K, 47% used [0x00000000c0000000,0x00000000c27c1010,0x00000000c5300000)
 Metaspace       used 6384K, capacity 7192K, committed 7424K, reserved 1056768K
  class space    used 613K, capacity 656K, committed 768K, reserved 1048576K
Event: 17.888 GC heap after
Heap after GC invocations=6 (full 0):
 PSYoungGen      total 276992K, used 23491K [0x00000000eab00000, 0x00000000fde00000, 0x0000000100000000)
  eden space 250368K, 0% used [0x00000000eab00000,0x00000000eab00000,0x00000000f9f80000)
  from space 26624K, 88% used [0x00000000fbd00000,0x00000000fd3f0fe0,0x00000000fd700000)
  to   space 30208K, 0% used [0x00000000f9f80000,0x00000000f9f80000,0x00000000fbd00000)
 ParOldGen       total 84992K, used 40716K [0x00000000c0000000, 0x00000000c5300000, 0x00000000eab00000)
  object space 84992K, 47% used [0x00000000c0000000,0x00000000c27c3010,0x00000000c5300000)
 Metaspace       used 6384K, capacity 7192K, committed 7424K, reserved 1056768K
  class space    used 613K, capacity 656K, committed 768K, reserved 1048576K
}

Deoptimization events (10 events):
Event: 16.390 Thread 0x00007f70f014f800 Uncommon trap: reason=unstable_if action=reinterpret pc=0x00007f70e1504da4 method=java.util.HashMap.putVal(ILjava/lang/Object;Ljava/lang/Object;ZZ)Ljava/lang/Object; @ 109
Event: 17.920 Thread 0x00007f70f000a000 Uncommon trap: reason=uninitialized action=reinterpret pc=0x00007f70e16dae8c method=com.android.dx.cf.code.BytecodeArray.parseInstruction(ILcom/android/dx/cf/code/BytecodeArray$Visitor;)I @ 1079
Event: 19.302 Thread 0x00007f70f0154800 Uncommon trap: reason=class_check action=maybe_recompile pc=0x00007f70e1363ebc method=java.util.Arrays.hashCode([Ljava/lang/Object;)I @ 43
Event: 19.302 Thread 0x00007f70f0154800 Uncommon trap: reason=class_check action=maybe_recompile pc=0x00007f70e1363ebc method=java.util.Arrays.hashCode([Ljava/lang/Object;)I @ 43
Event: 19.302 Thread 0x00007f70f0154800 Uncommon trap: reason=class_check action=maybe_recompile pc=0x00007f70e1363ebc method=java.util.Arrays.hashCode([Ljava/lang/Object;)I @ 43
Event: 19.302 Thread 0x00007f70f0154800 Uncommon trap: reason=class_check action=maybe_recompile pc=0x00007f70e1363ebc method=java.util.Arrays.hashCode([Ljava/lang/Object;)I @ 43
Event: 19.302 Thread 0x00007f70f0154800 Uncommon trap: reason=class_check action=maybe_recompile pc=0x00007f70e1340e34 method=java.util.Arrays.hashCode([Ljava/lang/Object;)I @ 43
Event: 21.638 Thread 0x00007f70f0154800 Uncommon trap: reason=class_check action=maybe_recompile pc=0x00007f70e1288450 method=java.util.Arrays.equals([Ljava/lang/Object;[Ljava/lang/Object;)Z @ 62
Event: 21.638 Thread 0x00007f70f0154800 Uncommon trap: reason=class_check action=maybe_recompile pc=0x00007f70e1288450 method=java.util.Arrays.equals([Ljava/lang/Object;[Ljava/lang/Object;)Z @ 62
Event: 21.638 Thread 0x00007f70f0154800 Uncommon trap: reason=unstable_if action=reinterpret pc=0x00007f70e128848c method=java.util.Arrays.equals([Ljava/lang/Object;[Ljava/lang/Object;)Z @ 23

Internal exceptions (5 events):
Event: 0.156 Thread 0x00007f70f000a000 Exception <a 'java/lang/NoSuchMethodError': Method sun.misc.Unsafe.defineClass(Ljava/lang/String;[BII)Ljava/lang/Class; name or signature does not match> (0x00000000eab07cc0) thrown at [/HUDSON3/workspace/8-2-build-linux-amd64/jdk8u101/7261/hotspot/src/sh
Event: 0.156 Thread 0x00007f70f000a000 Exception <a 'java/lang/NoSuchMethodError': Method sun.misc.Unsafe.prefetchRead(Ljava/lang/Object;J)V name or signature does not match> (0x00000000eab07fa8) thrown at [/HUDSON3/workspace/8-2-build-linux-amd64/jdk8u101/7261/hotspot/src/share/vm/prims/jni.c
Event: 14.365 Thread 0x00007f70f0155800 Exception <a 'java/lang/ArrayIndexOutOfBoundsException': 18> (0x00000000f0be37b8) thrown at [/HUDSON3/workspace/8-2-build-linux-amd64/jdk8u101/7261/hotspot/src/share/vm/interpreter/interpreterRuntime.cpp, line 366]
Event: 14.365 Thread 0x00007f70f0155800 Exception <a 'java/lang/ArrayIndexOutOfBoundsException': 145> (0x00000000f0be5338) thrown at [/HUDSON3/workspace/8-2-build-linux-amd64/jdk8u101/7261/hotspot/src/share/vm/interpreter/interpreterRuntime.cpp, line 366]
Event: 14.428 Thread 0x00007f70f0155800 Exception <a 'java/lang/ArrayIndexOutOfBoundsException': 40> (0x00000000f0be6620) thrown at [/HUDSON3/workspace/8-2-build-linux-amd64/jdk8u101/7261/hotspot/src/share/vm/interpreter/interpreterRuntime.cpp, line 366]

Events (10 events):
Event: 21.982 Thread 0x00007f70f0154800 DEOPT PACKING pc=0x00007f70e17ddf02 sp=0x00007f70a7ffe140
Event: 21.982 Thread 0x00007f70f0154800 DEOPT UNPACKING pc=0x00007f70e1047633 sp=0x00007f70a7ffdf38 mode 0
Event: 21.984 Thread 0x00007f70f0154800 DEOPT PACKING pc=0x00007f70e17ea891 sp=0x00007f70a7ffe120
Event: 21.984 Thread 0x00007f70f0154800 DEOPT UNPACKING pc=0x00007f70e1047633 sp=0x00007f70a7ffdf08 mode 0
Event: 22.105 Thread 0x00007f70f0154800 DEOPT PACKING pc=0x00007f70e17e10b9 sp=0x00007f70a7ffe220
Event: 22.105 Thread 0x00007f70f0154800 DEOPT UNPACKING pc=0x00007f70e1047633 sp=0x00007f70a7ffdfc0 mode 0
Event: 22.105 Thread 0x00007f70f0154800 DEOPT PACKING pc=0x00007f70e17e185e sp=0x00007f70a7ffe160
Event: 22.105 Thread 0x00007f70f0154800 DEOPT UNPACKING pc=0x00007f70e1047633 sp=0x00007f70a7ffdf08 mode 0
Event: 22.106 Thread 0x00007f70f0154800 DEOPT PACKING pc=0x00007f70e17e69bd sp=0x00007f70a7ffe1e0
Event: 22.106 Thread 0x00007f70f0154800 DEOPT UNPACKING pc=0x00007f70e1047633 sp=0x00007f70a7ffdf58 mode 0


Dynamic libraries:
00400000-00401000 r-xp 00000000 08:0a 796894                             /usr/lib/jvm/java-8-oracle/bin/java
00600000-00601000 rw-p 00000000 08:0a 796894                             /usr/lib/jvm/java-8-oracle/bin/java
01359000-0137a000 rw-p 00000000 00:00 0                                  [heap]
c0000000-c5300000 rw-p 00000000 00:00 0 
c5300000-eab00000 ---p 00000000 00:00 0 
eab00000-fde00000 rw-p 00000000 00:00 0 
fde00000-100000000 ---p 00000000 00:00 0 
100000000-1000c0000 rw-p 00000000 00:00 0 
1000c0000-140000000 ---p 00000000 00:00 0 
7f7090000000-7f7090031000 rw-p 00000000 00:00 0 
7f7090031000-7f7094000000 ---p 00000000 00:00 0 
7f7094000000-7f7094021000 rw-p 00000000 00:00 0 
7f7094021000-7f7098000000 ---p 00000000 00:00 0 
7f7098000000-7f7098021000 rw-p 00000000 00:00 0 
7f7098021000-7f709c000000 ---p 00000000 00:00 0 
7f709c000000-7f709c025000 rw-p 00000000 00:00 0 
7f709c025000-7f70a0000000 ---p 00000000 00:00 0 
7f70a0000000-7f70a0045000 rw-p 00000000 00:00 0 
7f70a0045000-7f70a4000000 ---p 00000000 00:00 0 
7f70a7bfc000-7f70a7bff000 ---p 00000000 00:00 0 
7f70a7bff000-7f70a7cfd000 rw-p 00000000 00:00 0 
7f70a7cfd000-7f70a7d00000 ---p 00000000 00:00 0 
7f70a7d00000-7f70a7dfe000 rw-p 00000000 00:00 0 
7f70a7dfe000-7f70a7e01000 ---p 00000000 00:00 0 
7f70a7e01000-7f70a7eff000 rw-p 00000000 00:00 0 
7f70a7eff000-7f70a7f02000 ---p 00000000 00:00 0 
7f70a7f02000-7f70a8000000 rw-p 00000000 00:00 0 
7f70a8000000-7f70a8021000 rw-p 00000000 00:00 0 
7f70a8021000-7f70ac000000 ---p 00000000 00:00 0 
7f70ac000000-7f70ac021000 rw-p 00000000 00:00 0 
7f70ac021000-7f70b0000000 ---p 00000000 00:00 0 
7f70b0000000-7f70b0f6c000 rw-p 00000000 00:00 0 
7f70b0f6c000-7f70b4000000 ---p 00000000 00:00 0 
7f70b4000000-7f70b4b2d000 rw-p 00000000 00:00 0 
7f70b4b2d000-7f70b8000000 ---p 00000000 00:00 0 
7f70b8000000-7f70b8021000 rw-p 00000000 00:00 0 
7f70b8021000-7f70bc000000 ---p 00000000 00:00 0 
7f70bc000000-7f70bcab7000 rw-p 00000000 00:00 0 
7f70bcab7000-7f70c0000000 ---p 00000000 00:00 0 
7f70c0000000-7f70c0021000 rw-p 00000000 00:00 0 
7f70c0021000-7f70c4000000 ---p 00000000 00:00 0 
7f70c4000000-7f70c4021000 rw-p 00000000 00:00 0 
7f70c4021000-7f70c8000000 ---p 00000000 00:00 0 
7f70c8000000-7f70c8021000 rw-p 00000000 00:00 0 
7f70c8021000-7f70cc000000 ---p 00000000 00:00 0 
7f70cc000000-7f70cc021000 rw-p 00000000 00:00 0 
7f70cc021000-7f70d0000000 ---p 00000000 00:00 0 
7f70d0000000-7f70d0021000 rw-p 00000000 00:00 0 
7f70d0021000-7f70d4000000 ---p 00000000 00:00 0 
7f70d4000000-7f70d4021000 rw-p 00000000 00:00 0 
7f70d4021000-7f70d8000000 ---p 00000000 00:00 0 
7f70d8000000-7f70d8021000 rw-p 00000000 00:00 0 
7f70d8021000-7f70dc000000 ---p 00000000 00:00 0 
7f70dc0cc000-7f70dc0cf000 ---p 00000000 00:00 0 
7f70dc0cf000-7f70dc1cd000 rw-p 00000000 00:00 0 
7f70dc1e3000-7f70dc1e4000 ---p 00000000 00:00 0 
7f70dc1e4000-7f70dc2e4000 rw-p 00000000 00:00 0 
7f70dc2e4000-7f70dc2e7000 ---p 00000000 00:00 0 
7f70dc2e7000-7f70dc3e5000 rw-p 00000000 00:00 0 
7f70dc3e5000-7f70dc3e8000 ---p 00000000 00:00 0 
7f70dc3e8000-7f70dc4e6000 rw-p 00000000 00:00 0 
7f70dc4e6000-7f70dc4e9000 ---p 00000000 00:00 0 
7f70dc4e9000-7f70dc5e7000 rw-p 00000000 00:00 0 
7f70dc5e7000-7f70dc5ea000 ---p 00000000 00:00 0 
7f70dc5ea000-7f70dc6e8000 rw-p 00000000 00:00 0 
7f70dc6e8000-7f70dc6eb000 ---p 00000000 00:00 0 
7f70dc6eb000-7f70dc7e9000 rw-p 00000000 00:00 0 
7f70dc7e9000-7f70dcf0c000 r--p 00000000 08:0a 663353                     /usr/lib/locale/locale-archive
7f70dcf0c000-7f70dcf0f000 ---p 00000000 00:00 0 
7f70dcf0f000-7f70dd00d000 rw-p 00000000 00:00 0 
7f70dd00d000-7f70dd010000 ---p 00000000 00:00 0 
7f70dd010000-7f70dd10e000 rw-p 00000000 00:00 0 
7f70dd10e000-7f70dd10f000 ---p 00000000 00:00 0 
7f70dd10f000-7f70de1af000 rw-p 00000000 00:00 0 
7f70de1af000-7f70de388000 r--s 03d29000 08:0a 796836                     /usr/lib/jvm/java-8-oracle/jre/lib/rt.jar
7f70de388000-7f70deabe000 rw-p 00000000 00:00 0 
7f70deabe000-7f70debfe000 ---p 00000000 00:00 0 
7f70debfe000-7f70e0dfe000 rw-p 00000000 00:00 0 
7f70e0dfe000-7f70e0dff000 ---p 00000000 00:00 0 
7f70e0dff000-7f70e0eff000 rw-p 00000000 00:00 0 
7f70e0eff000-7f70e0f00000 ---p 00000000 00:00 0 
7f70e0f00000-7f70e1000000 rw-p 00000000 00:00 0 
7f70e1000000-7f70e1840000 rwxp 00000000 00:00 0 
7f70e1840000-7f70f0000000 ---p 00000000 00:00 0 
7f70f0000000-7f70f0390000 rw-p 00000000 00:00 0 
7f70f0390000-7f70f4000000 ---p 00000000 00:00 0 
7f70f400b000-7f70f402c000 rw-p 00000000 00:00 0 
7f70f402c000-7f70f402d000 ---p 00000000 00:00 0 
7f70f402d000-7f70f412d000 rw-p 00000000 00:00 0 
7f70f412d000-7f70f412e000 ---p 00000000 00:00 0 
7f70f412e000-7f70f4258000 rw-p 00000000 00:00 0 
7f70f4258000-7f70f4384000 ---p 00000000 00:00 0 
7f70f4384000-7f70f43ae000 rw-p 00000000 00:00 0 
7f70f43ae000-7f70f44d9000 ---p 00000000 00:00 0 
7f70f44d9000-7f70f4573000 rw-p 00000000 00:00 0 
7f70f4573000-7f70f4584000 ---p 00000000 00:00 0 
7f70f4584000-7f70f45a6000 rw-p 00000000 00:00 0 
7f70f45a6000-7f70f4945000 ---p 00000000 00:00 0 
7f70f4945000-7f70f495f000 r-xp 00000000 08:0a 1449276                    /usr/lib/jvm/java-8-oracle/jre/lib/amd64/libzip.so
7f70f495f000-7f70f4b5f000 ---p 0001a000 08:0a 1449276                    /usr/lib/jvm/java-8-oracle/jre/lib/amd64/libzip.so
7f70f4b5f000-7f70f4b60000 rw-p 0001a000 08:0a 1449276                    /usr/lib/jvm/java-8-oracle/jre/lib/amd64/libzip.so
7f70f4b60000-7f70f4b6a000 r-xp 00000000 08:0a 4069922                    /lib/x86_64-linux-gnu/libnss_files-2.19.so
7f70f4b6a000-7f70f4d69000 ---p 0000a000 08:0a 4069922                    /lib/x86_64-linux-gnu/libnss_files-2.19.so
7f70f4d69000-7f70f4d6a000 r--p 00009000 08:0a 4069922                    /lib/x86_64-linux-gnu/libnss_files-2.19.so
7f70f4d6a000-7f70f4d6b000 rw-p 0000a000 08:0a 4069922                    /lib/x86_64-linux-gnu/libnss_files-2.19.so
7f70f4d6b000-7f70f4d76000 r-xp 00000000 08:0a 4069914                    /lib/x86_64-linux-gnu/libnss_nis-2.19.so
7f70f4d76000-7f70f4f75000 ---p 0000b000 08:0a 4069914                    /lib/x86_64-linux-gnu/libnss_nis-2.19.so
7f70f4f75000-7f70f4f76000 r--p 0000a000 08:0a 4069914                    /lib/x86_64-linux-gnu/libnss_nis-2.19.so
7f70f4f76000-7f70f4f77000 rw-p 0000b000 08:0a 4069914                    /lib/x86_64-linux-gnu/libnss_nis-2.19.so
7f70f4f77000-7f70f4f8e000 r-xp 00000000 08:0a 4069910                    /lib/x86_64-linux-gnu/libnsl-2.19.so
7f70f4f8e000-7f70f518d000 ---p 00017000 08:0a 4069910                    /lib/x86_64-linux-gnu/libnsl-2.19.so
7f70f518d000-7f70f518e000 r--p 00016000 08:0a 4069910                    /lib/x86_64-linux-gnu/libnsl-2.19.so
7f70f518e000-7f70f518f000 rw-p 00017000 08:0a 4069910                    /lib/x86_64-linux-gnu/libnsl-2.19.so
7f70f518f000-7f70f5191000 rw-p 00000000 00:00 0 
7f70f5191000-7f70f519a000 r-xp 00000000 08:0a 4069909                    /lib/x86_64-linux-gnu/libnss_compat-2.19.so
7f70f519a000-7f70f5399000 ---p 00009000 08:0a 4069909                    /lib/x86_64-linux-gnu/libnss_compat-2.19.so
7f70f5399000-7f70f539a000 r--p 00008000 08:0a 4069909                    /lib/x86_64-linux-gnu/libnss_compat-2.19.so
7f70f539a000-7f70f539b000 rw-p 00009000 08:0a 4069909                    /lib/x86_64-linux-gnu/libnss_compat-2.19.so
7f70f539b000-7f70f53c5000 r-xp 00000000 08:0a 1449259                    /usr/lib/jvm/java-8-oracle/jre/lib/amd64/libjava.so
7f70f53c5000-7f70f55c5000 ---p 0002a000 08:0a 1449259                    /usr/lib/jvm/java-8-oracle/jre/lib/amd64/libjava.so
7f70f55c5000-7f70f55c7000 rw-p 0002a000 08:0a 1449259                    /usr/lib/jvm/java-8-oracle/jre/lib/amd64/libjava.so
7f70f55c7000-7f70f55d4000 r-xp 00000000 08:0a 1449279                    /usr/lib/jvm/java-8-oracle/jre/lib/amd64/libverify.so
7f70f55d4000-7f70f57d4000 ---p 0000d000 08:0a 1449279                    /usr/lib/jvm/java-8-oracle/jre/lib/amd64/libverify.so
7f70f57d4000-7f70f57d6000 rw-p 0000d000 08:0a 1449279                    /usr/lib/jvm/java-8-oracle/jre/lib/amd64/libverify.so
7f70f57d6000-7f70f57dd000 r-xp 00000000 08:0a 4069918                    /lib/x86_64-linux-gnu/librt-2.19.so
7f70f57dd000-7f70f59dc000 ---p 00007000 08:0a 4069918                    /lib/x86_64-linux-gnu/librt-2.19.so
7f70f59dc000-7f70f59dd000 r--p 00006000 08:0a 4069918                    /lib/x86_64-linux-gnu/librt-2.19.so
7f70f59dd000-7f70f59de000 rw-p 00007000 08:0a 4069918                    /lib/x86_64-linux-gnu/librt-2.19.so
7f70f59de000-7f70f5ae3000 r-xp 00000000 08:0a 4069904                    /lib/x86_64-linux-gnu/libm-2.19.so
7f70f5ae3000-7f70f5ce2000 ---p 00105000 08:0a 4069904                    /lib/x86_64-linux-gnu/libm-2.19.so
7f70f5ce2000-7f70f5ce3000 r--p 00104000 08:0a 4069904                    /lib/x86_64-linux-gnu/libm-2.19.so
7f70f5ce3000-7f70f5ce4000 rw-p 00105000 08:0a 4069904                    /lib/x86_64-linux-gnu/libm-2.19.so
7f70f5ce4000-7f70f69af000 r-xp 00000000 08:0a 1449305                    /usr/lib/jvm/java-8-oracle/jre/lib/amd64/server/libjvm.so
7f70f69af000-7f70f6bae000 ---p 00ccb000 08:0a 1449305                    /usr/lib/jvm/java-8-oracle/jre/lib/amd64/server/libjvm.so
7f70f6bae000-7f70f6c87000 rw-p 00cca000 08:0a 1449305                    /usr/lib/jvm/java-8-oracle/jre/lib/amd64/server/libjvm.so
7f70f6c87000-7f70f6cd2000 rw-p 00000000 00:00 0 
7f70f6cd2000-7f70f6e8c000 r-xp 00000000 08:0a 4069919                    /lib/x86_64-linux-gnu/libc-2.19.so
7f70f6e8c000-7f70f708c000 ---p 001ba000 08:0a 4069919                    /lib/x86_64-linux-gnu/libc-2.19.so
7f70f708c000-7f70f7090000 r--p 001ba000 08:0a 4069919                    /lib/x86_64-linux-gnu/libc-2.19.so
7f70f7090000-7f70f7092000 rw-p 001be000 08:0a 4069919                    /lib/x86_64-linux-gnu/libc-2.19.so
7f70f7092000-7f70f7097000 rw-p 00000000 00:00 0 
7f70f7097000-7f70f709a000 r-xp 00000000 08:0a 4069906                    /lib/x86_64-linux-gnu/libdl-2.19.so
7f70f709a000-7f70f7299000 ---p 00003000 08:0a 4069906                    /lib/x86_64-linux-gnu/libdl-2.19.so
7f70f7299000-7f70f729a000 r--p 00002000 08:0a 4069906                    /lib/x86_64-linux-gnu/libdl-2.19.so
7f70f729a000-7f70f729b000 rw-p 00003000 08:0a 4069906                    /lib/x86_64-linux-gnu/libdl-2.19.so
7f70f729b000-7f70f72b0000 r-xp 00000000 08:0a 1980792                    /usr/lib/jvm/java-8-oracle/lib/amd64/jli/libjli.so
7f70f72b0000-7f70f74b0000 ---p 00015000 08:0a 1980792                    /usr/lib/jvm/java-8-oracle/lib/amd64/jli/libjli.so
7f70f74b0000-7f70f74b1000 rw-p 00015000 08:0a 1980792                    /usr/lib/jvm/java-8-oracle/lib/amd64/jli/libjli.so
7f70f74b1000-7f70f74ca000 r-xp 00000000 08:0a 4069911                    /lib/x86_64-linux-gnu/libpthread-2.19.so
7f70f74ca000-7f70f76c9000 ---p 00019000 08:0a 4069911                    /lib/x86_64-linux-gnu/libpthread-2.19.so
7f70f76c9000-7f70f76ca000 r--p 00018000 08:0a 4069911                    /lib/x86_64-linux-gnu/libpthread-2.19.so
7f70f76ca000-7f70f76cb000 rw-p 00019000 08:0a 4069911                    /lib/x86_64-linux-gnu/libpthread-2.19.so
7f70f76cb000-7f70f76cf000 rw-p 00000000 00:00 0 
7f70f76cf000-7f70f76f2000 r-xp 00000000 08:0a 4069912                    /lib/x86_64-linux-gnu/ld-2.19.so
7f70f76f6000-7f70f77cf000 rw-p 00000000 00:00 0 
7f70f77cf000-7f70f77d2000 ---p 00000000 00:00 0 
7f70f77d2000-7f70f78d5000 rw-p 00000000 00:00 0 
7f70f78d5000-7f70f78d6000 rw-p 00000000 00:00 0 
7f70f78d6000-7f70f78e5000 r--s 000df000 08:0a 395590                     /home/abdullah/Android/Sdk/build-tools/23.0.2/lib/dx.jar
7f70f78e5000-7f70f78ed000 rw-s 00000000 08:0a 3014710                    /tmp/hsperfdata_abdullah/19280
7f70f78ed000-7f70f78ee000 rw-p 00000000 00:00 0 
7f70f78ee000-7f70f78ef000 r--p 00000000 00:00 0 
7f70f78ef000-7f70f78f1000 rw-p 00000000 00:00 0 
7f70f78f1000-7f70f78f2000 r--p 00022000 08:0a 4069912                    /lib/x86_64-linux-gnu/ld-2.19.so
7f70f78f2000-7f70f78f3000 rw-p 00023000 08:0a 4069912                    /lib/x86_64-linux-gnu/ld-2.19.so
7f70f78f3000-7f70f78f4000 rw-p 00000000 00:00 0 
7fff9ce3d000-7fff9ce5e000 rw-p 00000000 00:00 0                          [stack]
7fff9cf04000-7fff9cf06000 r--p 00000000 00:00 0                          [vvar]
7fff9cf06000-7fff9cf08000 r-xp 00000000 00:00 0                          [vdso]
ffffffffff600000-ffffffffff601000 r-xp 00000000 00:00 0                  [vsyscall]

VM Arguments:
jvm_args: -Djava.awt.headless=true -Xmx1024M -Dfile.encoding=UTF-8 -Duser.country=US -Duser.language=en -Duser.variant 
java_command: com.android.dx.command.Main --dex --force-jumbo --num-threads=4 --multi-dex --output /media/Programming/Programming/OnGoingProject/Android-Universal-Image-Loader-master/sample/build/intermediates/transforms/dex/debug/folders/1000/10/com.android.support-support-v4-23.4.0_f2d2c3570f99aff23d7ac368d5d007d15a685790 /media/Programming/Programming/OnGoingProject/Android-Universal-Image-Loader-master/sample/build/intermediates/exploded-aar/com.android.support/support-v4/23.4.0/jars/classes.jar
java_class_path (initial): /home/abdullah/Android/Sdk/build-tools/23.0.2/lib/dx.jar
Launcher Type: SUN_STANDARD

Environment Variables:
PATH=/usr/local/sbin:/usr/local/bin:/usr/sbin:/usr/bin:/sbin:/bin:/usr/games:/usr/local/games
SHELL=/bin/bash
DISPLAY=:0

Signal Handlers:
SIGSEGV: [libjvm.so+0xac4790], sa_mask[0]=11111111011111111101111111111110, sa_flags=SA_RESTART|SA_SIGINFO
SIGBUS: [libjvm.so+0xac4790], sa_mask[0]=11111111011111111101111111111110, sa_flags=SA_RESTART|SA_SIGINFO
SIGFPE: [libjvm.so+0x91f140], sa_mask[0]=11111111011111111101111111111110, sa_flags=SA_RESTART|SA_SIGINFO
SIGPIPE: [libjvm.so+0x91f140], sa_mask[0]=11111111011111111101111111111110, sa_flags=SA_RESTART|SA_SIGINFO
SIGXFSZ: [libjvm.so+0x91f140], sa_mask[0]=11111111011111111101111111111110, sa_flags=SA_RESTART|SA_SIGINFO
SIGILL: [libjvm.so+0x91f140], sa_mask[0]=11111111011111111101111111111110, sa_flags=SA_RESTART|SA_SIGINFO
SIGUSR1: SIG_DFL, sa_mask[0]=00000000000000000000000000000000, sa_flags=none
SIGUSR2: [libjvm.so+0x920770], sa_mask[0]=00100000000000000000000000000000, sa_flags=SA_RESTART|SA_SIGINFO
SIGHUP: [libjvm.so+0x921b70], sa_mask[0]=11111111011111111101111111111110, sa_flags=SA_RESTART|SA_SIGINFO
SIGINT: [libjvm.so+0x921b70], sa_mask[0]=11111111011111111101111111111110, sa_flags=SA_RESTART|SA_SIGINFO
SIGTERM: [libjvm.so+0x921b70], sa_mask[0]=11111111011111111101111111111110, sa_flags=SA_RESTART|SA_SIGINFO
SIGQUIT: [libjvm.so+0x921b70], sa_mask[0]=11111111011111111101111111111110, sa_flags=SA_RESTART|SA_SIGINFO


---------------  S Y S T E M  ---------------

OS:DISTRIB_ID=Ubuntu
DISTRIB_RELEASE=14.04
DISTRIB_CODENAME=trusty
DISTRIB_DESCRIPTION="Ubuntu 14.04.5 LTS"

uname:Linux 4.4.0-36-generic #55~14.04.1-Ubuntu SMP Fri Aug 12 11:49:30 UTC 2016 x86_64
libc:glibc 2.19 NPTL 2.19 
rlimit: STACK 8192k, CORE 0k, NPROC 31621, NOFILE 4096, AS infinity
load average:17.76 7.46 3.90

/proc/meminfo:
MemTotal:        8117252 kB
MemFree:          122764 kB
MemAvailable:      93724 kB
Buffers:            5964 kB
Cached:           933860 kB
SwapCached:        51540 kB
Active:          6429096 kB
Inactive:        1315568 kB
Active(anon):    6351604 kB
Inactive(anon):  1246116 kB
Active(file):      77492 kB
Inactive(file):    69452 kB
Unevictable:        3532 kB
Mlocked:            3532 kB
SwapTotal:       4131836 kB
SwapFree:        3846952 kB
Dirty:               508 kB
Writeback:             0 kB
AnonPages:       6757452 kB
Mapped:           600424 kB
Shmem:            792840 kB
Slab:             114556 kB
SReclaimable:      67952 kB
SUnreclaim:        46604 kB
KernelStack:       13360 kB
PageTables:        60752 kB
NFS_Unstable:          0 kB
Bounce:                0 kB
WritebackTmp:          0 kB
CommitLimit:     8190460 kB
Committed_AS:   14810468 kB
VmallocTotal:   34359738367 kB
VmallocUsed:           0 kB
VmallocChunk:          0 kB
HardwareCorrupted:     0 kB
AnonHugePages:   2621440 kB
CmaTotal:              0 kB
CmaFree:               0 kB
HugePages_Total:       0
HugePages_Free:        0
HugePages_Rsvd:        0
HugePages_Surp:        0
Hugepagesize:       2048 kB
DirectMap4k:      174336 kB
DirectMap2M:     8157184 kB


CPU:total 4 (2 cores per cpu, 2 threads per core) family 6 model 42 stepping 7, cmov, cx8, fxsr, mmx, sse, sse2, sse3, ssse3, sse4.1, sse4.2, popcnt, avx, aes, clmul, ht, tsc, tscinvbit

/proc/cpuinfo:
processor	: 0
vendor_id	: GenuineIntel
cpu family	: 6
model		: 42
model name	: Intel(R) Core(TM) i5-2450M CPU @ 2.50GHz
stepping	: 7
microcode	: 0x25
cpu MHz		: 2699.902
cache size	: 3072 KB
physical id	: 0
siblings	: 4
core id		: 0
cpu cores	: 2
apicid		: 0
initial apicid	: 0
fpu		: yes
fpu_exception	: yes
cpuid level	: 13
wp		: yes
flags		: fpu vme de pse tsc msr pae mce cx8 apic sep mtrr pge mca cmov pat pse36 clflush dts acpi mmx fxsr sse sse2 ss ht tm pbe syscall nx rdtscp lm constant_tsc arch_perfmon pebs bts rep_good nopl xtopology nonstop_tsc aperfmperf eagerfpu pni pclmulqdq dtes64 monitor ds_cpl vmx est tm2 ssse3 cx16 xtpr pdcm pcid sse4_1 sse4_2 x2apic popcnt tsc_deadline_timer aes xsave avx lahf_lm epb tpr_shadow vnmi flexpriority ept vpid xsaveopt dtherm ida arat pln pts
bugs		:
bogomips	: 4988.87
clflush size	: 64
cache_alignment	: 64
address sizes	: 36 bits physical, 48 bits virtual
power management:

processor	: 1
vendor_id	: GenuineIntel
cpu family	: 6
model		: 42
model name	: Intel(R) Core(TM) i5-2450M CPU @ 2.50GHz
stepping	: 7
microcode	: 0x25
cpu MHz		: 2699.902
cache size	: 3072 KB
physical id	: 0
siblings	: 4
core id		: 0
cpu cores	: 2
apicid		: 1
initial apicid	: 1
fpu		: yes
fpu_exception	: yes
cpuid level	: 13
wp		: yes
flags		: fpu vme de pse tsc msr pae mce cx8 apic sep mtrr pge mca cmov pat pse36 clflush dts acpi mmx fxsr sse sse2 ss ht tm pbe syscall nx rdtscp lm constant_tsc arch_perfmon pebs bts rep_good nopl xtopology nonstop_tsc aperfmperf eagerfpu pni pclmulqdq dtes64 monitor ds_cpl vmx est tm2 ssse3 cx16 xtpr pdcm pcid sse4_1 sse4_2 x2apic popcnt tsc_deadline_timer aes xsave avx lahf_lm epb tpr_shadow vnmi flexpriority ept vpid xsaveopt dtherm ida arat pln pts
bugs		:
bogomips	: 4988.87
clflush size	: 64
cache_alignment	: 64
address sizes	: 36 bits physical, 48 bits virtual
power management:

processor	: 2
vendor_id	: GenuineIntel
cpu family	: 6
model		: 42
model name	: Intel(R) Core(TM) i5-2450M CPU @ 2.50GHz
stepping	: 7
microcode	: 0x25
cpu MHz		: 2699.902
cache size	: 3072 KB
physical id	: 0
siblings	: 4
core id		: 1
cpu cores	: 2
apicid		: 2
initial apicid	: 2
fpu		: yes
fpu_exception	: yes
cpuid level	: 13
wp		: yes
flags		: fpu vme de pse tsc msr pae mce cx8 apic sep mtrr pge mca cmov pat pse36 clflush dts acpi mmx fxsr sse sse2 ss ht tm pbe syscall nx rdtscp lm constant_tsc arch_perfmon pebs bts rep_good nopl xtopology nonstop_tsc aperfmperf eagerfpu pni pclmulqdq dtes64 monitor ds_cpl vmx est tm2 ssse3 cx16 xtpr pdcm pcid sse4_1 sse4_2 x2apic popcnt tsc_deadline_timer aes xsave avx lahf_lm epb tpr_shadow vnmi flexpriority ept vpid xsaveopt dtherm ida arat pln pts
bugs		:
bogomips	: 4988.87
clflush size	: 64
cache_alignment	: 64
address sizes	: 36 bits physical, 48 bits virtual
power management:

processor	: 3
vendor_id	: GenuineIntel
cpu family	: 6
model		: 42
model name	: Intel(R) Core(TM) i5-2450M CPU @ 2.50GHz
stepping	: 7
microcode	: 0x25
cpu MHz		: 2699.902
cache size	: 3072 KB
physical id	: 0
siblings	: 4
core id		: 1
cpu cores	: 2
apicid		: 3
initial apicid	: 3
fpu		: yes
fpu_exception	: yes
cpuid level	: 13
wp		: yes
flags		: fpu vme de pse tsc msr pae mce cx8 apic sep mtrr pge mca cmov pat pse36 clflush dts acpi mmx fxsr sse sse2 ss ht tm pbe syscall nx rdtscp lm constant_tsc arch_perfmon pebs bts rep_good nopl xtopology nonstop_tsc aperfmperf eagerfpu pni pclmulqdq dtes64 monitor ds_cpl vmx est tm2 ssse3 cx16 xtpr pdcm pcid sse4_1 sse4_2 x2apic popcnt tsc_deadline_timer aes xsave avx lahf_lm epb tpr_shadow vnmi flexpriority ept vpid xsaveopt dtherm ida arat pln pts
bugs		:
bogomips	: 4988.87
clflush size	: 64
cache_alignment	: 64
address sizes	: 36 bits physical, 48 bits virtual
power management:



Memory: 4k page, physical 8117252k(122500k free), swap 4131836k(3846952k free)

vm_info: Java HotSpot(TM) 64-Bit Server VM (25.101-b13) for linux-amd64 JRE (1.8.0_101-b13), built on Jun 22 2016 02:59:44 by "java_re" with gcc 4.3.0 20080428 (Red Hat 4.3.0-8)

time: Mon Sep 19 00:58:08 2016
elapsed time: 22 seconds (0d 0h 0m 22s)

